<?xml version="1.0" encoding="UTF-8"?>
<!-- Generated by org.testng.reporters.JUnitXMLReporter -->
<testsuite hostname="neerajtestinpc" name="Default test" tests="7" failures="0" timestamp="2 Jan 2020 12:42:21 GMT" time="73.062" errors="0">
  <testcase name="DetailButtonTest" time="2.534" classname="timesheetauto.CompanyProfile"/>
  <testcase name="EditButtonTest" time="2.349" classname="timesheetauto.CompanyProfile"/>
  <testcase name="CompanyInfoSaveButtonTest" time="2.711" classname="timesheetauto.CompanyProfile"/>
  <testcase name="CompanyProfileSaveButtonTest" time="2.617" classname="timesheetauto.CompanyProfile"/>
  <testcase name="CompanyInfoCancelButtonTest" time="2.544" classname="timesheetauto.CompanyProfile"/>
  <testcase name="CompanyProfileCancelButtonTest" time="2.684" classname="timesheetauto.CompanyProfile"/>
  <testcase name="CompanyInfoFieldsTest" time="2.734" classname="timesheetauto.CompanyProfile"/>
</testsuite> <!-- Default test -->
