<?xml version="1.0" encoding="UTF-8"?>
<testng-results skipped="7" failed="0" total="7" passed="0">
  <reporter-output>
  </reporter-output>
  <suite name="Default suite" duration-ms="7548" started-at="2020-01-02T10:59:25Z" finished-at="2020-01-02T10:59:32Z">
    <groups>
    </groups>
    <test name="Default test" duration-ms="7548" started-at="2020-01-02T10:59:25Z" finished-at="2020-01-02T10:59:32Z">
      <class name="timesheetauto.CompanyProfile">
        <test-method status="FAIL" signature="setUp()[pri:0, instance:timesheetauto.CompanyProfile@66d2e7d9]" name="setUp" is-config="true" duration-ms="0" started-at="2020-01-02T16:29:25Z" finished-at="2020-01-02T16:29:25Z">
          <exception class="org.openqa.selenium.NoSuchElementException">
            <message>
              <![CDATA[no such element: Unable to locate element: {"method":"xpath","selector":"//span[contains(text(),'Company Profile')]"}
  (Session info: chrome=79.0.3945.88)
  (Driver info: chromedriver=2.36.540470 (e522d04694c7ebea4ba8821272dbef4f9b818c91),platform=Windows NT 6.1.7600 x86_64) (WARNING: The server did not provide any stacktrace information)
Command duration or timeout: 47 milliseconds
For documentation on this error, please visit: http://seleniumhq.org/exceptions/no_such_element.html
Build info: version: '3.0.0', revision: '350cf60', time: '2016-10-13 10:48:16 -0700'
System info: host: 'HT', ip: '192.168.1.24', os.name: 'Windows 7', os.arch: 'amd64', os.version: '6.1', java.version: '1.8.0_144'
Driver info: org.openqa.selenium.chrome.ChromeDriver
Capabilities [{applicationCacheEnabled=false, rotatable=false, mobileEmulationEnabled=false, networkConnectionEnabled=false, chrome={chromedriverVersion=2.36.540470 (e522d04694c7ebea4ba8821272dbef4f9b818c91), userDataDir=C:\Users\Neeraj\AppData\Local\Temp\scoped_dir2680_16466}, takesHeapSnapshot=true, pageLoadStrategy=normal, databaseEnabled=false, handlesAlerts=true, hasTouchScreen=false, version=79.0.3945.88, platform=XP, browserConnectionEnabled=false, nativeEvents=true, acceptSslCerts=false, acceptInsecureCerts=false, locationContextEnabled=true, webStorageEnabled=true, browserName=chrome, takesScreenshot=true, javascriptEnabled=true, cssSelectorsEnabled=true, setWindowRect=true, unexpectedAlertBehaviour=}]
Session ID: 4dea60fd7c656efcb3265a70c9d9938b
*** Element info: {Using=xpath, value=//span[contains(text(),'Company Profile')]}]]>
            </message>
            <full-stacktrace>
              <![CDATA[org.openqa.selenium.NoSuchElementException: no such element: Unable to locate element: {"method":"xpath","selector":"//span[contains(text(),'Company Profile')]"}
  (Session info: chrome=79.0.3945.88)
  (Driver info: chromedriver=2.36.540470 (e522d04694c7ebea4ba8821272dbef4f9b818c91),platform=Windows NT 6.1.7600 x86_64) (WARNING: The server did not provide any stacktrace information)
Command duration or timeout: 47 milliseconds
For documentation on this error, please visit: http://seleniumhq.org/exceptions/no_such_element.html
Build info: version: '3.0.0', revision: '350cf60', time: '2016-10-13 10:48:16 -0700'
System info: host: 'HT', ip: '192.168.1.24', os.name: 'Windows 7', os.arch: 'amd64', os.version: '6.1', java.version: '1.8.0_144'
Driver info: org.openqa.selenium.chrome.ChromeDriver
Capabilities [{applicationCacheEnabled=false, rotatable=false, mobileEmulationEnabled=false, networkConnectionEnabled=false, chrome={chromedriverVersion=2.36.540470 (e522d04694c7ebea4ba8821272dbef4f9b818c91), userDataDir=C:\Users\Neeraj\AppData\Local\Temp\scoped_dir2680_16466}, takesHeapSnapshot=true, pageLoadStrategy=normal, databaseEnabled=false, handlesAlerts=true, hasTouchScreen=false, version=79.0.3945.88, platform=XP, browserConnectionEnabled=false, nativeEvents=true, acceptSslCerts=false, acceptInsecureCerts=false, locationContextEnabled=true, webStorageEnabled=true, browserName=chrome, takesScreenshot=true, javascriptEnabled=true, cssSelectorsEnabled=true, setWindowRect=true, unexpectedAlertBehaviour=}]
Session ID: 4dea60fd7c656efcb3265a70c9d9938b
*** Element info: {Using=xpath, value=//span[contains(text(),'Company Profile')]}
	at sun.reflect.NativeConstructorAccessorImpl.newInstance0(Native Method)
	at sun.reflect.NativeConstructorAccessorImpl.newInstance(Unknown Source)
	at sun.reflect.DelegatingConstructorAccessorImpl.newInstance(Unknown Source)
	at java.lang.reflect.Constructor.newInstance(Unknown Source)
	at org.openqa.selenium.remote.ErrorHandler.createThrowable(ErrorHandler.java:216)
	at org.openqa.selenium.remote.ErrorHandler.throwIfResponseFailed(ErrorHandler.java:168)
	at org.openqa.selenium.remote.RemoteWebDriver.execute(RemoteWebDriver.java:635)
	at org.openqa.selenium.remote.RemoteWebDriver.findElement(RemoteWebDriver.java:368)
	at org.openqa.selenium.remote.RemoteWebDriver.findElementByXPath(RemoteWebDriver.java:473)
	at org.openqa.selenium.By$ByXPath.findElement(By.java:361)
	at org.openqa.selenium.remote.RemoteWebDriver.findElement(RemoteWebDriver.java:360)
	at timesheetauto.CompanyProfile.setUp(CompanyProfile.java:31)
	at sun.reflect.NativeMethodAccessorImpl.invoke0(Native Method)
	at sun.reflect.NativeMethodAccessorImpl.invoke(Unknown Source)
	at sun.reflect.DelegatingMethodAccessorImpl.invoke(Unknown Source)
	at java.lang.reflect.Method.invoke(Unknown Source)
	at org.testng.internal.MethodInvocationHelper.invokeMethod(MethodInvocationHelper.java:86)
	at org.testng.internal.Invoker.invokeConfigurationMethod(Invoker.java:515)
	at org.testng.internal.Invoker.invokeConfigurations(Invoker.java:216)
	at org.testng.internal.Invoker.invokeMethod(Invoker.java:590)
	at org.testng.internal.Invoker.invokeTestMethod(Invoker.java:823)
	at org.testng.internal.Invoker.invokeTestMethods(Invoker.java:1131)
	at org.testng.internal.TestMethodWorker.invokeTestMethods(TestMethodWorker.java:129)
	at org.testng.internal.TestMethodWorker.run(TestMethodWorker.java:112)
	at org.testng.TestRunner.privateRun(TestRunner.java:778)
	at org.testng.TestRunner.run(TestRunner.java:632)
	at org.testng.SuiteRunner.runTest(SuiteRunner.java:366)
	at org.testng.SuiteRunner.runSequentially(SuiteRunner.java:361)
	at org.testng.SuiteRunner.privateRun(SuiteRunner.java:319)
	at org.testng.SuiteRunner.run(SuiteRunner.java:268)
	at org.testng.SuiteRunnerWorker.runSuite(SuiteRunnerWorker.java:52)
	at org.testng.SuiteRunnerWorker.run(SuiteRunnerWorker.java:86)
	at org.testng.TestNG.runSuitesSequentially(TestNG.java:1225)
	at org.testng.TestNG.runSuitesLocally(TestNG.java:1150)
	at org.testng.TestNG.runSuites(TestNG.java:1075)
	at org.testng.TestNG.run(TestNG.java:1047)
	at org.testng.remote.AbstractRemoteTestNG.run(AbstractRemoteTestNG.java:126)
	at org.testng.remote.RemoteTestNG.initAndRun(RemoteTestNG.java:137)
	at org.testng.remote.RemoteTestNG.main(RemoteTestNG.java:58)
]]>
            </full-stacktrace>
          </exception> <!-- org.openqa.selenium.NoSuchElementException -->
          <reporter-output>
          </reporter-output>
        </test-method> <!-- setUp -->
        <test-method status="SKIP" signature="DetailButtonTest()[pri:0, instance:timesheetauto.CompanyProfile@66d2e7d9]" name="DetailButtonTest" duration-ms="2" started-at="2020-01-02T16:29:32Z" finished-at="2020-01-02T16:29:32Z">
          <reporter-output>
          </reporter-output>
        </test-method> <!-- DetailButtonTest -->
        <test-method status="SKIP" signature="tearDown()[pri:0, instance:timesheetauto.CompanyProfile@66d2e7d9]" name="tearDown" is-config="true" duration-ms="0" started-at="2020-01-02T16:29:32Z" finished-at="2020-01-02T16:29:32Z">
          <reporter-output>
          </reporter-output>
        </test-method> <!-- tearDown -->
        <test-method status="SKIP" signature="setUp()[pri:0, instance:timesheetauto.CompanyProfile@66d2e7d9]" name="setUp" is-config="true" duration-ms="0" started-at="2020-01-02T16:29:32Z" finished-at="2020-01-02T16:29:32Z">
          <reporter-output>
          </reporter-output>
        </test-method> <!-- setUp -->
        <test-method status="SKIP" signature="EditButtonTest()[pri:1, instance:timesheetauto.CompanyProfile@66d2e7d9]" name="EditButtonTest" duration-ms="1" started-at="2020-01-02T16:29:32Z" finished-at="2020-01-02T16:29:32Z">
          <reporter-output>
          </reporter-output>
        </test-method> <!-- EditButtonTest -->
        <test-method status="SKIP" signature="tearDown()[pri:0, instance:timesheetauto.CompanyProfile@66d2e7d9]" name="tearDown" is-config="true" duration-ms="0" started-at="2020-01-02T16:29:32Z" finished-at="2020-01-02T16:29:32Z">
          <reporter-output>
          </reporter-output>
        </test-method> <!-- tearDown -->
        <test-method status="SKIP" signature="setUp()[pri:0, instance:timesheetauto.CompanyProfile@66d2e7d9]" name="setUp" is-config="true" duration-ms="0" started-at="2020-01-02T16:29:32Z" finished-at="2020-01-02T16:29:32Z">
          <reporter-output>
          </reporter-output>
        </test-method> <!-- setUp -->
        <test-method status="SKIP" signature="CompanyInfoSaveButtonTest()[pri:2, instance:timesheetauto.CompanyProfile@66d2e7d9]" name="CompanyInfoSaveButtonTest" duration-ms="0" started-at="2020-01-02T16:29:32Z" finished-at="2020-01-02T16:29:32Z">
          <reporter-output>
          </reporter-output>
        </test-method> <!-- CompanyInfoSaveButtonTest -->
        <test-method status="SKIP" signature="tearDown()[pri:0, instance:timesheetauto.CompanyProfile@66d2e7d9]" name="tearDown" is-config="true" duration-ms="0" started-at="2020-01-02T16:29:32Z" finished-at="2020-01-02T16:29:32Z">
          <reporter-output>
          </reporter-output>
        </test-method> <!-- tearDown -->
        <test-method status="SKIP" signature="setUp()[pri:0, instance:timesheetauto.CompanyProfile@66d2e7d9]" name="setUp" is-config="true" duration-ms="0" started-at="2020-01-02T16:29:32Z" finished-at="2020-01-02T16:29:32Z">
          <reporter-output>
          </reporter-output>
        </test-method> <!-- setUp -->
        <test-method status="SKIP" signature="CompanyProfileSaveButtonTest()[pri:3, instance:timesheetauto.CompanyProfile@66d2e7d9]" name="CompanyProfileSaveButtonTest" duration-ms="0" started-at="2020-01-02T16:29:32Z" finished-at="2020-01-02T16:29:32Z">
          <reporter-output>
          </reporter-output>
        </test-method> <!-- CompanyProfileSaveButtonTest -->
        <test-method status="SKIP" signature="tearDown()[pri:0, instance:timesheetauto.CompanyProfile@66d2e7d9]" name="tearDown" is-config="true" duration-ms="0" started-at="2020-01-02T16:29:32Z" finished-at="2020-01-02T16:29:32Z">
          <reporter-output>
          </reporter-output>
        </test-method> <!-- tearDown -->
        <test-method status="SKIP" signature="CompanyInfoCancelButtonTest()[pri:4, instance:timesheetauto.CompanyProfile@66d2e7d9]" name="CompanyInfoCancelButtonTest" duration-ms="1" started-at="2020-01-02T16:29:32Z" finished-at="2020-01-02T16:29:32Z">
          <reporter-output>
          </reporter-output>
        </test-method> <!-- CompanyInfoCancelButtonTest -->
        <test-method status="SKIP" signature="setUp()[pri:0, instance:timesheetauto.CompanyProfile@66d2e7d9]" name="setUp" is-config="true" duration-ms="0" started-at="2020-01-02T16:29:32Z" finished-at="2020-01-02T16:29:32Z">
          <reporter-output>
          </reporter-output>
        </test-method> <!-- setUp -->
        <test-method status="SKIP" signature="tearDown()[pri:0, instance:timesheetauto.CompanyProfile@66d2e7d9]" name="tearDown" is-config="true" duration-ms="0" started-at="2020-01-02T16:29:32Z" finished-at="2020-01-02T16:29:32Z">
          <reporter-output>
          </reporter-output>
        </test-method> <!-- tearDown -->
        <test-method status="SKIP" signature="setUp()[pri:0, instance:timesheetauto.CompanyProfile@66d2e7d9]" name="setUp" is-config="true" duration-ms="0" started-at="2020-01-02T16:29:32Z" finished-at="2020-01-02T16:29:32Z">
          <reporter-output>
          </reporter-output>
        </test-method> <!-- setUp -->
        <test-method status="SKIP" signature="CompanyProfileCancelButtonTest()[pri:5, instance:timesheetauto.CompanyProfile@66d2e7d9]" name="CompanyProfileCancelButtonTest" duration-ms="0" started-at="2020-01-02T16:29:32Z" finished-at="2020-01-02T16:29:32Z">
          <reporter-output>
          </reporter-output>
        </test-method> <!-- CompanyProfileCancelButtonTest -->
        <test-method status="SKIP" signature="tearDown()[pri:0, instance:timesheetauto.CompanyProfile@66d2e7d9]" name="tearDown" is-config="true" duration-ms="0" started-at="2020-01-02T16:29:32Z" finished-at="2020-01-02T16:29:32Z">
          <reporter-output>
          </reporter-output>
        </test-method> <!-- tearDown -->
        <test-method status="SKIP" signature="setUp()[pri:0, instance:timesheetauto.CompanyProfile@66d2e7d9]" name="setUp" is-config="true" duration-ms="0" started-at="2020-01-02T16:29:32Z" finished-at="2020-01-02T16:29:32Z">
          <reporter-output>
          </reporter-output>
        </test-method> <!-- setUp -->
        <test-method status="SKIP" signature="CompanyInfoFieldsTest()[pri:6, instance:timesheetauto.CompanyProfile@66d2e7d9]" name="CompanyInfoFieldsTest" duration-ms="0" started-at="2020-01-02T16:29:32Z" finished-at="2020-01-02T16:29:32Z">
          <reporter-output>
          </reporter-output>
        </test-method> <!-- CompanyInfoFieldsTest -->
        <test-method status="SKIP" signature="tearDown()[pri:0, instance:timesheetauto.CompanyProfile@66d2e7d9]" name="tearDown" is-config="true" duration-ms="0" started-at="2020-01-02T16:29:32Z" finished-at="2020-01-02T16:29:32Z">
          <reporter-output>
          </reporter-output>
        </test-method> <!-- tearDown -->
      </class> <!-- timesheetauto.CompanyProfile -->
    </test> <!-- Default test -->
  </suite> <!-- Default suite -->
</testng-results>
